<?xml version="1.0" encoding="UTF-8"?>
<!-- Generated by org.testng.reporters.JUnitReportReporter -->
<testsuite hostname="DESKTOP-JBMKHIV" failures="0" tests="3" name="LoginTesting.Login" time="6.857" errors="0" timestamp="23 Mar 2023 10:27:44 GMT">
  <testcase classname="LoginTesting.Login" name="veryUrl" time="0.046"/>
  <testcase classname="LoginTesting.Login" name="Login1" time="6.783"/>
  <testcase classname="LoginTesting.Login" name="verifyTitle" time="0.028"/>
</testsuite> <!-- LoginTesting.Login -->
