<?xml version="1.0" encoding="UTF-8"?>
<!-- Generated by org.testng.reporters.JUnitReportReporter -->
<testsuite hostname="DESKTOP-JBMKHIV" failures="0" tests="5" name="Testng.testautomation" time="26.801" errors="0" timestamp="29 Mar 2023 12:40:02 GMT">
  <testcase classname="Testng.testautomation" name="checkradio" time="4.577"/>
  <testcase classname="Testng.testautomation" name="dropdown" time="2.165"/>
  <testcase classname="Testng.testautomation" name="checkradio2" time="4.277"/>
  <testcase classname="Testng.testautomation" name="fileupload" time="2.363"/>
  <testcase classname="Testng.testautomation" name="textareapractise" time="13.419"/>
</testsuite> <!-- Testng.testautomation -->
