<?xml version="1.0" encoding="UTF-8"?>
<!-- Generated by org.testng.reporters.JUnitReportReporter -->
<testsuite hostname="DESKTOP-JBMKHIV" failures="0" tests="2" name="Testng.fileupload" time="6.554" errors="0" timestamp="29 Mar 2023 12:40:02 GMT">
  <testcase classname="Testng.fileupload" name="fileupload" time="2.177"/>
  <testcase classname="Testng.fileupload" name="submit" time="4.377"/>
</testsuite> <!-- Testng.fileupload -->
